<?xml version="1.0" encoding="UTF-8"?>
<!-- Generated by org.testng.reporters.JUnitReportReporter -->
<testsuite hostname="AnuDriti" failures="0" tests="1" name="cucumberOptions.TestNGTestRunner" time="11.639" errors="0" timestamp="2022-06-06T07:43:21 CEST" skipped="0">
  <testcase classname="cucumberOptions.TestNGTestRunner" name="runScenario" time="11.639"/>
  <system-out/>
</testsuite> <!-- cucumberOptions.TestNGTestRunner -->
